<?xml version="1.0" encoding="UTF-8"?>
<!-- Generated by org.testng.reporters.JUnitReportReporter -->
<testsuite hostname="DESKTOP-OPH57PF" failures="0" tests="4" name="test.Login" time="14.838" errors="0" timestamp="2022-07-20T20:23:06 IST" skipped="0">
  <testcase classname="test.Login" name="invalidUsernameandPassword" time="6.065"/>
  <system-out/>
  <testcase classname="test.Login" name="validatewithoutusernameorpassword" time="2.506"/>
  <system-out/>
  <testcase classname="test.Login" name="validatewithjustusername" time="3.574"/>
  <system-out/>
  <testcase classname="test.Login" name="validatewithjustpassword" time="2.693"/>
  <system-out/>
</testsuite> <!-- test.Login -->
